<?xml version="1.0" encoding="UTF-8"?>
<!-- Generated by org.testng.reporters.JUnitReportReporter -->
<testsuite hostname="LAPTOP-AU773JF6" failures="0" tests="1" name="testcaseRepo.Tc_02" time="111.171" errors="0" timestamp="2023-11-08T21:19:02 IST" skipped="0">
  <testcase classname="testcaseRepo.Tc_02" name="leads" time="111.171"/>
</testsuite> <!-- testcaseRepo.Tc_02 -->
