<?xml version="1.0" encoding="UTF-8"?>
<!-- Generated by org.testng.reporters.JUnitReportReporter -->
<testsuite hostname="LAPTOP-AU773JF6" failures="0" tests="1" name="testcaseRepo.VtigerLeadsPage" time="224.130" errors="0" timestamp="2023-11-11T15:31:22 IST" skipped="0">
  <testcase classname="testcaseRepo.VtigerLeadsPage" name="leads" time="224.130"/>
</testsuite> <!-- testcaseRepo.VtigerLeadsPage -->
